2026-01-26T14:15:19.769Z [INFO]: # Build environment configured with Standard build compute type: 8GiB Memory, 4vCPUs, 128GB Disk Space
2026-01-26T14:15:20.923Z [INFO]: # Cloning repository: git@github.com:waon613/game-book-release-calendar.git
2026-01-26T14:15:22.000Z [INFO]: 
2026-01-26T14:15:22.001Z [INFO]: Cloning into 'game-book-release-calendar'...
2026-01-26T14:15:22.001Z [INFO]: # Checking for Git submodules at: /codebuild/output/src3969251350/src/game-book-release-calendar/.gitmodules
2026-01-26T14:15:22.011Z [INFO]: # Retrieving environment cache...
2026-01-26T14:15:22.051Z [WARNING]: ! Unable to write cache: {"code":"ERR_BAD_REQUEST","message":"Request failed with status code 404"})}
2026-01-26T14:15:22.051Z [INFO]: ---- Setting Up SSM Secrets ----
2026-01-26T14:15:22.051Z [INFO]: SSM params {"Path":"/amplify/dkgndrbx9dc92/master/","WithDecryption":true}
2026-01-26T14:15:22.520Z [INFO]: # No package override configuration found.
2026-01-26T14:15:22.524Z [INFO]: # Retrieving cache...
2026-01-26T14:15:22.570Z [INFO]: # Retrieved cache
2026-01-26T14:15:27.478Z [INFO]: ## Starting Backend Build
                                 # Starting phase: build
                                 # Executing command: npm ci --cache .npm --prefer-offline
2026-01-26T14:15:48.144Z [WARNING]: npm warn ERESOLVE overriding peer dependency
2026-01-26T14:15:48.152Z [WARNING]: npm warn While resolving: @aws-amplify/plugin-types@1.10.1
                                    npm warn Found: @aws-sdk/types@3.821.0
                                    npm warn node_modules/@aws-amplify/data-construct/node_modules/@aws-amplify/ai-constructs/node_modules/@aws-amplify/plugin-types/node_modules/@aws-sdk/types
                                    npm warn
                                    npm warn Could not resolve dependency:
                                    npm warn peer @aws-sdk/types@"^3.734.0" from @aws-amplify/plugin-types@1.10.1
                                    npm warn node_modules/@aws-amplify/data-construct/node_modules/@aws-amplify/ai-constructs/node_modules/@aws-amplify/plugin-types
                                    npm warn   @aws-amplify/plugin-types@"^1.10.1" from @aws-amplify/ai-constructs@1.5.3
                                    npm warn   node_modules/@aws-amplify/data-construct/node_modules/@aws-amplify/ai-constructs
2026-01-26T14:15:48.275Z [WARNING]: npm warn ERESOLVE overriding peer dependency
2026-01-26T14:15:48.275Z [WARNING]: npm warn While resolving: @aws-amplify/plugin-types@1.10.1
                                    npm warn Found: @aws-sdk/types@3.821.0
                                    npm warn node_modules/@aws-amplify/graphql-api-construct/node_modules/@aws-amplify/ai-constructs/node_modules/@aws-amplify/plugin-types/node_modules/@aws-sdk/types
                                    npm warn
                                    npm warn Could not resolve dependency:
                                    npm warn peer @aws-sdk/types@"^3.734.0" from @aws-amplify/plugin-types@1.10.1
                                    npm warn node_modules/@aws-amplify/graphql-api-construct/node_modules/@aws-amplify/ai-constructs/node_modules/@aws-amplify/plugin-types
                                    npm warn   @aws-amplify/plugin-types@"^1.10.1" from @aws-amplify/ai-constructs@1.5.3
                                    npm warn   node_modules/@aws-amplify/graphql-api-construct/node_modules/@aws-amplify/ai-constructs
2026-01-26T14:17:02.059Z [WARNING]: npm warn deprecated rimraf@3.0.2: Rimraf versions prior to v4 are no longer supported
2026-01-26T14:17:02.963Z [WARNING]: npm warn deprecated inflight@1.0.6: This module is not supported, and leaks memory. Do not use it. Check out lru-cache if you want a good and tested way to coalesce async requests by a key value, which is much more comprehensive and powerful.
2026-01-26T14:17:03.162Z [WARNING]: npm warn deprecated node-domexception@1.0.0: Use your platform's native DOMException instead
2026-01-26T14:17:05.544Z [WARNING]: npm warn deprecated @babel/plugin-proposal-class-properties@7.18.6: This proposal has been merged to the ECMAScript standard and thus this plugin is no longer maintained. Please use @babel/plugin-transform-class-properties instead.
2026-01-26T14:17:05.623Z [WARNING]: npm warn deprecated @babel/plugin-proposal-object-rest-spread@7.20.7: This proposal has been merged to the ECMAScript standard and thus this plugin is no longer maintained. Please use @babel/plugin-transform-object-rest-spread instead.
2026-01-26T14:17:08.071Z [WARNING]: npm warn deprecated glob@7.2.3: Glob versions prior to v9 are no longer supported
2026-01-26T14:17:12.393Z [WARNING]: npm warn deprecated glob@7.2.3: Glob versions prior to v9 are no longer supported
2026-01-26T14:17:20.541Z [WARNING]: npm warn deprecated core-js@2.6.12: core-js@<3.23.3 is no longer maintained and not recommended for usage due to the number of issues. Because of the V8 engine whims, feature detection in old core-js versions could cause a slowdown up to 100x even if nothing is polyfilled. Some versions have web compatibility issues. Please, upgrade your dependencies to the actual version of core-js.
2026-01-26T14:17:30.336Z [INFO]: added 1744 packages, and audited 2594 packages in 2m
2026-01-26T14:17:30.342Z [INFO]: 252 packages are looking for funding
                                 run `npm fund` for details
2026-01-26T14:17:30.444Z [INFO]: 28 vulnerabilities (25 low, 3 moderate)
                                 To address issues that do not require attention, run:
                                 npm audit fix
                                 To address all issues (including breaking changes), run:
                                 npm audit fix --force
                                 Run `npm audit` for details.
2026-01-26T14:17:30.480Z [INFO]: # Executing command: npx ampx pipeline-deploy --branch $AWS_BRANCH --app-id $AWS_APP_ID
2026-01-26T14:17:35.046Z [INFO]: 2:17:34 PM Synthesizing backend...
2026-01-26T14:17:35.050Z [INFO]: 
2026-01-26T14:17:35.646Z [INFO]: 2:17:35 PM ✔ Backend synthesized in 1.08 seconds
2026-01-26T14:17:35.647Z [INFO]: 2:17:35 PM Running type checks...
2026-01-26T14:17:45.925Z [INFO]: 2:17:45 PM ✔ Type checks completed in 10.27 seconds
2026-01-26T14:17:45.931Z [INFO]: 
2026-01-26T14:17:46.112Z [INFO]: 
2026-01-26T14:17:46.112Z [INFO]: 
2026-01-26T14:17:46.112Z [WARNING]: ampx pipeline-deploy
                                    Command to deploy backends in a custom CI/CD pipeline. This command is not inten
                                    ded to be used locally.
                                    Options:
                                    --debug            Print debug logs to the console
                                    [boolean] [default: false]
                                    --branch           Name of the git branch being deployed
                                    [string] [required]
                                    --app-id           The app id of the target Amplify app[string] [required]
                                    --outputs-out-dir  A path to directory where amplify_outputs is written. I
                                    f not provided defaults to current process working dire
                                    ctory.                                         [string]
                                    --outputs-version  Version of the configuration. Version 0 represents clas
                                    sic amplify-cli config file amplify-configuration and 1
                                    represents newer config file amplify_outputs
                                    [string] [choices: "0", "1", "1.1", "1.2", "1.3", "1.4"] [default: "1.4"]
                                    --outputs-format   amplify_outputs file format
                                    [string] [choices: "mjs", "json", "json-mobile", "ts", "dart"]
                                    -h, --help             Show help                                     [boolean]
2026-01-26T14:17:46.113Z [INFO]: [SyntaxError] TypeScript validation check failed.
                                 Resolution: Fix the syntax and type errors in your backend definition.
                                 Details: amplify/functions/daily-sync/handler.ts:1:32 - error TS2307: Cannot find module '@aws-sdk/client-dynamodb' or its corresponding type declarations.
                                 1 import { DynamoDBClient } from "@aws-sdk/client-dynamodb";
                                 ~~~~~~~~~~~~~~~~~~~~~~~~~~
                                 amplify/functions/daily-sync/handler.ts:6:8 - error TS2307: Cannot find module '@aws-sdk/lib-dynamodb' or its corresponding type declarations.
                                 6 } from "@aws-sdk/lib-dynamodb";
                                 ~~~~~~~~~~~~~~~~~~~~~~~
2026-01-26T14:17:46.176Z [ERROR]: !!! Build failed
2026-01-26T14:17:46.176Z [INFO]: Please read more about Amplify Hosting's support for SSR frameworks to find if your build failure is related to an unsupported feature: https://docs.aws.amazon.com/amplify/latest/userguide/amplify-ssr-framework-support.html. You may also find this troubleshooting guide useful: https://docs.aws.amazon.com/amplify/latest/userguide/troubleshooting-ssr-deployment.html
2026-01-26T14:17:46.177Z [ERROR]: !!! Error: Command failed with exit code 1
2026-01-26T14:17:46.177Z [INFO]: # Starting environment caching...
2026-01-26T14:17:46.177Z [INFO]: # Environment caching completed

